[2022-06-30 20:50:06] local.ERROR: unserialize(): Error at offset 424 of 493 bytes {"exception":"[object] (ErrorException(code: 0): unserialize(): Error at offset 424 of 493 bytes at E:\\TestGithub\\Import\\Laravel_Pottier_Thibault\\vendor\\laravel\\framework\\src\\Illuminate\\Routing\\RouteSignatureParameters.php:22)
[stacktrace]
#0 E:\\TestGithub\\Import\\Laravel_Pottier_Thibault\\vendor\\laravel\\framework\\src\\Illuminate\\Foundation\\Bootstrap\\HandleExceptions.php(257): Illuminate\\Foundation\\Bootstrap\\HandleExceptions->handleError(8, 'unserialize(): ...', 'E:\\\\TestGithub\\\\I...', 22)
#1 [internal function]: Illuminate\\Foundation\\Bootstrap\\HandleExceptions->Illuminate\\Foundation\\Bootstrap\\{closure}(8, 'unserialize(): ...', 'E:\\\\TestGithub\\\\I...', 22)
#2 E:\\TestGithub\\Import\\Laravel_Pottier_Thibault\\vendor\\laravel\\framework\\src\\Illuminate\\Routing\\RouteSignatureParameters.php(22): unserialize('O:47:\"Laravel\\\\S...')
#3 E:\\TestGithub\\Import\\Laravel_Pottier_Thibault\\vendor\\laravel\\framework\\src\\Illuminate\\Routing\\Route.php(527): Illuminate\\Routing\\RouteSignatureParameters::fromAction(Array, Array)
#4 E:\\TestGithub\\Import\\Laravel_Pottier_Thibault\\vendor\\laravel\\framework\\src\\Illuminate\\Routing\\ImplicitRouteBinding.php(78): Illuminate\\Routing\\Route->signatureParameters(Array)
#5 E:\\TestGithub\\Import\\Laravel_Pottier_Thibault\\vendor\\laravel\\framework\\src\\Illuminate\\Routing\\ImplicitRouteBinding.php(28): Illuminate\\Routing\\ImplicitRouteBinding::resolveBackedEnumsForRoute(Object(Illuminate\\Routing\\Route), Array)
#6 E:\\TestGithub\\Import\\Laravel_Pottier_Thibault\\vendor\\laravel\\framework\\src\\Illuminate\\Routing\\Router.php(874): Illuminate\\Routing\\ImplicitRouteBinding::resolveForRoute(Object(Illuminate\\Foundation\\Application), Object(Illuminate\\Routing\\Route))
#7 E:\\TestGithub\\Import\\Laravel_Pottier_Thibault\\vendor\\laravel\\framework\\src\\Illuminate\\Routing\\Middleware\\SubstituteBindings.php(41): Illuminate\\Routing\\Router->substituteImplicitBindings(Object(Illuminate\\Routing\\Route))
#8 E:\\TestGithub\\Import\\Laravel_Pottier_Thibault\\vendor\\laravel\\framework\\src\\Illuminate\\Pipeline\\Pipeline.php(180): Illuminate\\Routing\\Middleware\\SubstituteBindings->handle(Object(Illuminate\\Http\\Request), Object(Closure))
#9 E:\\TestGithub\\Import\\Laravel_Pottier_Thibault\\vendor\\laravel\\framework\\src\\Illuminate\\Foundation\\Http\\Middleware\\VerifyCsrfToken.php(78): Illuminate\\Pipeline\\Pipeline->Illuminate\\Pipeline\\{closure}(Object(Illuminate\\Http\\Request))
#10 E:\\TestGithub\\Import\\Laravel_Pottier_Thibault\\vendor\\laravel\\framework\\src\\Illuminate\\Pipeline\\Pipeline.php(180): Illuminate\\Foundation\\Http\\Middleware\\VerifyCsrfToken->handle(Object(Illuminate\\Http\\Request), Object(Closure))
#11 E:\\TestGithub\\Import\\Laravel_Pottier_Thibault\\vendor\\laravel\\framework\\src\\Illuminate\\View\\Middleware\\ShareErrorsFromSession.php(49): Illuminate\\Pipeline\\Pipeline->Illuminate\\Pipeline\\{closure}(Object(Illuminate\\Http\\Request))
#12 E:\\TestGithub\\Import\\Laravel_Pottier_Thibault\\vendor\\laravel\\framework\\src\\Illuminate\\Pipeline\\Pipeline.php(180): Illuminate\\View\\Middleware\\ShareErrorsFromSession->handle(Object(Illuminate\\Http\\Request), Object(Closure))
#13 E:\\TestGithub\\Import\\Laravel_Pottier_Thibault\\vendor\\laravel\\framework\\src\\Illuminate\\Session\\Middleware\\StartSession.php(121): Illuminate\\Pipeline\\Pipeline->Illuminate\\Pipeline\\{closure}(Object(Illuminate\\Http\\Request))
#14 E:\\TestGithub\\Import\\Laravel_Pottier_Thibault\\vendor\\laravel\\framework\\src\\Illuminate\\Session\\Middleware\\StartSession.php(64): Illuminate\\Session\\Middleware\\StartSession->handleStatefulRequest(Object(Illuminate\\Http\\Request), Object(Illuminate\\Session\\Store), Object(Closure))
#15 E:\\TestGithub\\Import\\Laravel_Pottier_Thibault\\vendor\\laravel\\framework\\src\\Illuminate\\Pipeline\\Pipeline.php(180): Illuminate\\Session\\Middleware\\StartSession->handle(Object(Illuminate\\Http\\Request), Object(Closure))
#16 E:\\TestGithub\\Import\\Laravel_Pottier_Thibault\\vendor\\laravel\\framework\\src\\Illuminate\\Cookie\\Middleware\\AddQueuedCookiesToResponse.php(37): Illuminate\\Pipeline\\Pipeline->Illuminate\\Pipeline\\{closure}(Object(Illuminate\\Http\\Request))
#17 E:\\TestGithub\\Import\\Laravel_Pottier_Thibault\\vendor\\laravel\\framework\\src\\Illuminate\\Pipeline\\Pipeline.php(180): Illuminate\\Cookie\\Middleware\\AddQueuedCookiesToResponse->handle(Object(Illuminate\\Http\\Request), Object(Closure))
#18 E:\\TestGithub\\Import\\Laravel_Pottier_Thibault\\vendor\\laravel\\framework\\src\\Illuminate\\Cookie\\Middleware\\EncryptCookies.php(67): Illuminate\\Pipeline\\Pipeline->Illuminate\\Pipeline\\{closure}(Object(Illuminate\\Http\\Request))
#19 E:\\TestGithub\\Import\\Laravel_Pottier_Thibault\\vendor\\laravel\\framework\\src\\Illuminate\\Pipeline\\Pipeline.php(180): Illuminate\\Cookie\\Middleware\\EncryptCookies->handle(Object(Illuminate\\Http\\Request), Object(Closure))
#20 E:\\TestGithub\\Import\\Laravel_Pottier_Thibault\\vendor\\laravel\\framework\\src\\Illuminate\\Pipeline\\Pipeline.php(116): Illuminate\\Pipeline\\Pipeline->Illuminate\\Pipeline\\{closure}(Object(Illuminate\\Http\\Request))
#21 E:\\TestGithub\\Import\\Laravel_Pottier_Thibault\\vendor\\laravel\\framework\\src\\Illuminate\\Routing\\Router.php(726): Illuminate\\Pipeline\\Pipeline->then(Object(Closure))
#22 E:\\TestGithub\\Import\\Laravel_Pottier_Thibault\\vendor\\laravel\\framework\\src\\Illuminate\\Routing\\Router.php(703): Illuminate\\Routing\\Router->runRouteWithinStack(Object(Illuminate\\Routing\\Route), Object(Illuminate\\Http\\Request))
#23 E:\\TestGithub\\Import\\Laravel_Pottier_Thibault\\vendor\\laravel\\framework\\src\\Illuminate\\Routing\\Router.php(667): Illuminate\\Routing\\Router->runRoute(Object(Illuminate\\Http\\Request), Object(Illuminate\\Routing\\Route))
#24 E:\\TestGithub\\Import\\Laravel_Pottier_Thibault\\vendor\\laravel\\framework\\src\\Illuminate\\Routing\\Router.php(656): Illuminate\\Routing\\Router->dispatchToRoute(Object(Illuminate\\Http\\Request))
#25 E:\\TestGithub\\Import\\Laravel_Pottier_Thibault\\vendor\\laravel\\framework\\src\\Illuminate\\Foundation\\Http\\Kernel.php(167): Illuminate\\Routing\\Router->dispatch(Object(Illuminate\\Http\\Request))
#26 E:\\TestGithub\\Import\\Laravel_Pottier_Thibault\\vendor\\laravel\\framework\\src\\Illuminate\\Pipeline\\Pipeline.php(141): Illuminate\\Foundation\\Http\\Kernel->Illuminate\\Foundation\\Http\\{closure}(Object(Illuminate\\Http\\Request))
#27 E:\\TestGithub\\Import\\Laravel_Pottier_Thibault\\vendor\\laravel\\framework\\src\\Illuminate\\Foundation\\Http\\Middleware\\TransformsRequest.php(21): Illuminate\\Pipeline\\Pipeline->Illuminate\\Pipeline\\{closure}(Object(Illuminate\\Http\\Request))
#28 E:\\TestGithub\\Import\\Laravel_Pottier_Thibault\\vendor\\laravel\\framework\\src\\Illuminate\\Foundation\\Http\\Middleware\\ConvertEmptyStringsToNull.php(31): Illuminate\\Foundation\\Http\\Middleware\\TransformsRequest->handle(Object(Illuminate\\Http\\Request), Object(Closure))
#29 E:\\TestGithub\\Import\\Laravel_Pottier_Thibault\\vendor\\laravel\\framework\\src\\Illuminate\\Pipeline\\Pipeline.php(180): Illuminate\\Foundation\\Http\\Middleware\\ConvertEmptyStringsToNull->handle(Object(Illuminate\\Http\\Request), Object(Closure))
#30 E:\\TestGithub\\Import\\Laravel_Pottier_Thibault\\vendor\\laravel\\framework\\src\\Illuminate\\Foundation\\Http\\Middleware\\TransformsRequest.php(21): Illuminate\\Pipeline\\Pipeline->Illuminate\\Pipeline\\{closure}(Object(Illuminate\\Http\\Request))
#31 E:\\TestGithub\\Import\\Laravel_Pottier_Thibault\\vendor\\laravel\\framework\\src\\Illuminate\\Foundation\\Http\\Middleware\\TrimStrings.php(40): Illuminate\\Foundation\\Http\\Middleware\\TransformsRequest->handle(Object(Illuminate\\Http\\Request), Object(Closure))
#32 E:\\TestGithub\\Import\\Laravel_Pottier_Thibault\\vendor\\laravel\\framework\\src\\Illuminate\\Pipeline\\Pipeline.php(180): Illuminate\\Foundation\\Http\\Middleware\\TrimStrings->handle(Object(Illuminate\\Http\\Request), Object(Closure))
#33 E:\\TestGithub\\Import\\Laravel_Pottier_Thibault\\vendor\\laravel\\framework\\src\\Illuminate\\Foundation\\Http\\Middleware\\ValidatePostSize.php(27): Illuminate\\Pipeline\\Pipeline->Illuminate\\Pipeline\\{closure}(Object(Illuminate\\Http\\Request))
#34 E:\\TestGithub\\Import\\Laravel_Pottier_Thibault\\vendor\\laravel\\framework\\src\\Illuminate\\Pipeline\\Pipeline.php(180): Illuminate\\Foundation\\Http\\Middleware\\ValidatePostSize->handle(Object(Illuminate\\Http\\Request), Object(Closure))
#35 E:\\TestGithub\\Import\\Laravel_Pottier_Thibault\\vendor\\laravel\\framework\\src\\Illuminate\\Foundation\\Http\\Middleware\\PreventRequestsDuringMaintenance.php(86): Illuminate\\Pipeline\\Pipeline->Illuminate\\Pipeline\\{closure}(Object(Illuminate\\Http\\Request))
#36 E:\\TestGithub\\Import\\Laravel_Pottier_Thibault\\vendor\\laravel\\framework\\src\\Illuminate\\Pipeline\\Pipeline.php(180): Illuminate\\Foundation\\Http\\Middleware\\PreventRequestsDuringMaintenance->handle(Object(Illuminate\\Http\\Request), Object(Closure))
#37 E:\\TestGithub\\Import\\Laravel_Pottier_Thibault\\vendor\\laravel\\framework\\src\\Illuminate\\Http\\Middleware\\HandleCors.php(49): Illuminate\\Pipeline\\Pipeline->Illuminate\\Pipeline\\{closure}(Object(Illuminate\\Http\\Request))
#38 E:\\TestGithub\\Import\\Laravel_Pottier_Thibault\\vendor\\laravel\\framework\\src\\Illuminate\\Pipeline\\Pipeline.php(180): Illuminate\\Http\\Middleware\\HandleCors->handle(Object(Illuminate\\Http\\Request), Object(Closure))
#39 E:\\TestGithub\\Import\\Laravel_Pottier_Thibault\\vendor\\laravel\\framework\\src\\Illuminate\\Http\\Middleware\\TrustProxies.php(39): Illuminate\\Pipeline\\Pipeline->Illuminate\\Pipeline\\{closure}(Object(Illuminate\\Http\\Request))
#40 E:\\TestGithub\\Import\\Laravel_Pottier_Thibault\\vendor\\laravel\\framework\\src\\Illuminate\\Pipeline\\Pipeline.php(180): Illuminate\\Http\\Middleware\\TrustProxies->handle(Object(Illuminate\\Http\\Request), Object(Closure))
#41 E:\\TestGithub\\Import\\Laravel_Pottier_Thibault\\vendor\\laravel\\framework\\src\\Illuminate\\Pipeline\\Pipeline.php(116): Illuminate\\Pipeline\\Pipeline->Illuminate\\Pipeline\\{closure}(Object(Illuminate\\Http\\Request))
#42 E:\\TestGithub\\Import\\Laravel_Pottier_Thibault\\vendor\\laravel\\framework\\src\\Illuminate\\Foundation\\Http\\Kernel.php(142): Illuminate\\Pipeline\\Pipeline->then(Object(Closure))
#43 E:\\TestGithub\\Import\\Laravel_Pottier_Thibault\\vendor\\laravel\\framework\\src\\Illuminate\\Foundation\\Http\\Kernel.php(111): Illuminate\\Foundation\\Http\\Kernel->sendRequestThroughRouter(Object(Illuminate\\Http\\Request))
#44 E:\\TestGithub\\Import\\Laravel_Pottier_Thibault\\public\\index.php(52): Illuminate\\Foundation\\Http\\Kernel->handle(Object(Illuminate\\Http\\Request))
#45 E:\\TestGithub\\Import\\Laravel_Pottier_Thibault\\vendor\\laravel\\framework\\src\\Illuminate\\Foundation\esources\\server.php(16): require_once('E:\\\\TestGithub\\\\I...')
#46 {main}
"} 
[2022-06-30 20:50:57] local.ERROR: unserialize(): Error at offset 424 of 493 bytes {"exception":"[object] (ErrorException(code: 0): unserialize(): Error at offset 424 of 493 bytes at E:\\TestGithub\\Import\\Laravel_Pottier_Thibault\\vendor\\laravel\\framework\\src\\Illuminate\\Routing\\RouteSignatureParameters.php:22)
[stacktrace]
#0 E:\\TestGithub\\Import\\Laravel_Pottier_Thibault\\vendor\\laravel\\framework\\src\\Illuminate\\Foundation\\Bootstrap\\HandleExceptions.php(257): Illuminate\\Foundation\\Bootstrap\\HandleExceptions->handleError(8, 'unserialize(): ...', 'E:\\\\TestGithub\\\\I...', 22)
#1 [internal function]: Illuminate\\Foundation\\Bootstrap\\HandleExceptions->Illuminate\\Foundation\\Bootstrap\\{closure}(8, 'unserialize(): ...', 'E:\\\\TestGithub\\\\I...', 22)
#2 E:\\TestGithub\\Import\\Laravel_Pottier_Thibault\\vendor\\laravel\\framework\\src\\Illuminate\\Routing\\RouteSignatureParameters.php(22): unserialize('O:47:\"Laravel\\\\S...')
#3 E:\\TestGithub\\Import\\Laravel_Pottier_Thibault\\vendor\\laravel\\framework\\src\\Illuminate\\Routing\\Route.php(527): Illuminate\\Routing\\RouteSignatureParameters::fromAction(Array, Array)
#4 E:\\TestGithub\\Import\\Laravel_Pottier_Thibault\\vendor\\laravel\\framework\\src\\Illuminate\\Routing\\ImplicitRouteBinding.php(78): Illuminate\\Routing\\Route->signatureParameters(Array)
#5 E:\\TestGithub\\Import\\Laravel_Pottier_Thibault\\vendor\\laravel\\framework\\src\\Illuminate\\Routing\\ImplicitRouteBinding.php(28): Illuminate\\Routing\\ImplicitRouteBinding::resolveBackedEnumsForRoute(Object(Illuminate\\Routing\\Route), Array)
#6 E:\\TestGithub\\Import\\Laravel_Pottier_Thibault\\vendor\\laravel\\framework\\src\\Illuminate\\Routing\\Router.php(874): Illuminate\\Routing\\ImplicitRouteBinding::resolveForRoute(Object(Illuminate\\Foundation\\Application), Object(Illuminate\\Routing\\Route))
#7 E:\\TestGithub\\Import\\Laravel_Pottier_Thibault\\vendor\\laravel\\framework\\src\\Illuminate\\Routing\\Middleware\\SubstituteBindings.php(41): Illuminate\\Routing\\Router->substituteImplicitBindings(Object(Illuminate\\Routing\\Route))
#8 E:\\TestGithub\\Import\\Laravel_Pottier_Thibault\\vendor\\laravel\\framework\\src\\Illuminate\\Pipeline\\Pipeline.php(180): Illuminate\\Routing\\Middleware\\SubstituteBindings->handle(Object(Illuminate\\Http\\Request), Object(Closure))
#9 E:\\TestGithub\\Import\\Laravel_Pottier_Thibault\\vendor\\laravel\\framework\\src\\Illuminate\\Foundation\\Http\\Middleware\\VerifyCsrfToken.php(78): Illuminate\\Pipeline\\Pipeline->Illuminate\\Pipeline\\{closure}(Object(Illuminate\\Http\\Request))
#10 E:\\TestGithub\\Import\\Laravel_Pottier_Thibault\\vendor\\laravel\\framework\\src\\Illuminate\\Pipeline\\Pipeline.php(180): Illuminate\\Foundation\\Http\\Middleware\\VerifyCsrfToken->handle(Object(Illuminate\\Http\\Request), Object(Closure))
#11 E:\\TestGithub\\Import\\Laravel_Pottier_Thibault\\vendor\\laravel\\framework\\src\\Illuminate\\View\\Middleware\\ShareErrorsFromSession.php(49): Illuminate\\Pipeline\\Pipeline->Illuminate\\Pipeline\\{closure}(Object(Illuminate\\Http\\Request))
#12 E:\\TestGithub\\Import\\Laravel_Pottier_Thibault\\vendor\\laravel\\framework\\src\\Illuminate\\Pipeline\\Pipeline.php(180): Illuminate\\View\\Middleware\\ShareErrorsFromSession->handle(Object(Illuminate\\Http\\Request), Object(Closure))
#13 E:\\TestGithub\\Import\\Laravel_Pottier_Thibault\\vendor\\laravel\\framework\\src\\Illuminate\\Session\\Middleware\\StartSession.php(121): Illuminate\\Pipeline\\Pipeline->Illuminate\\Pipeline\\{closure}(Object(Illuminate\\Http\\Request))
#14 E:\\TestGithub\\Import\\Laravel_Pottier_Thibault\\vendor\\laravel\\framework\\src\\Illuminate\\Session\\Middleware\\StartSession.php(64): Illuminate\\Session\\Middleware\\StartSession->handleStatefulRequest(Object(Illuminate\\Http\\Request), Object(Illuminate\\Session\\Store), Object(Closure))
#15 E:\\TestGithub\\Import\\Laravel_Pottier_Thibault\\vendor\\laravel\\framework\\src\\Illuminate\\Pipeline\\Pipeline.php(180): Illuminate\\Session\\Middleware\\StartSession->handle(Object(Illuminate\\Http\\Request), Object(Closure))
#16 E:\\TestGithub\\Import\\Laravel_Pottier_Thibault\\vendor\\laravel\\framework\\src\\Illuminate\\Cookie\\Middleware\\AddQueuedCookiesToResponse.php(37): Illuminate\\Pipeline\\Pipeline->Illuminate\\Pipeline\\{closure}(Object(Illuminate\\Http\\Request))
#17 E:\\TestGithub\\Import\\Laravel_Pottier_Thibault\\vendor\\laravel\\framework\\src\\Illuminate\\Pipeline\\Pipeline.php(180): Illuminate\\Cookie\\Middleware\\AddQueuedCookiesToResponse->handle(Object(Illuminate\\Http\\Request), Object(Closure))
#18 E:\\TestGithub\\Import\\Laravel_Pottier_Thibault\\vendor\\laravel\\framework\\src\\Illuminate\\Cookie\\Middleware\\EncryptCookies.php(67): Illuminate\\Pipeline\\Pipeline->Illuminate\\Pipeline\\{closure}(Object(Illuminate\\Http\\Request))
#19 E:\\TestGithub\\Import\\Laravel_Pottier_Thibault\\vendor\\laravel\\framework\\src\\Illuminate\\Pipeline\\Pipeline.php(180): Illuminate\\Cookie\\Middleware\\EncryptCookies->handle(Object(Illuminate\\Http\\Request), Object(Closure))
#20 E:\\TestGithub\\Import\\Laravel_Pottier_Thibault\\vendor\\laravel\\framework\\src\\Illuminate\\Pipeline\\Pipeline.php(116): Illuminate\\Pipeline\\Pipeline->Illuminate\\Pipeline\\{closure}(Object(Illuminate\\Http\\Request))
#21 E:\\TestGithub\\Import\\Laravel_Pottier_Thibault\\vendor\\laravel\\framework\\src\\Illuminate\\Routing\\Router.php(726): Illuminate\\Pipeline\\Pipeline->then(Object(Closure))
#22 E:\\TestGithub\\Import\\Laravel_Pottier_Thibault\\vendor\\laravel\\framework\\src\\Illuminate\\Routing\\Router.php(703): Illuminate\\Routing\\Router->runRouteWithinStack(Object(Illuminate\\Routing\\Route), Object(Illuminate\\Http\\Request))
#23 E:\\TestGithub\\Import\\Laravel_Pottier_Thibault\\vendor\\laravel\\framework\\src\\Illuminate\\Routing\\Router.php(667): Illuminate\\Routing\\Router->runRoute(Object(Illuminate\\Http\\Request), Object(Illuminate\\Routing\\Route))
#24 E:\\TestGithub\\Import\\Laravel_Pottier_Thibault\\vendor\\laravel\\framework\\src\\Illuminate\\Routing\\Router.php(656): Illuminate\\Routing\\Router->dispatchToRoute(Object(Illuminate\\Http\\Request))
#25 E:\\TestGithub\\Import\\Laravel_Pottier_Thibault\\vendor\\laravel\\framework\\src\\Illuminate\\Foundation\\Http\\Kernel.php(167): Illuminate\\Routing\\Router->dispatch(Object(Illuminate\\Http\\Request))
#26 E:\\TestGithub\\Import\\Laravel_Pottier_Thibault\\vendor\\laravel\\framework\\src\\Illuminate\\Pipeline\\Pipeline.php(141): Illuminate\\Foundation\\Http\\Kernel->Illuminate\\Foundation\\Http\\{closure}(Object(Illuminate\\Http\\Request))
#27 E:\\TestGithub\\Import\\Laravel_Pottier_Thibault\\vendor\\laravel\\framework\\src\\Illuminate\\Foundation\\Http\\Middleware\\TransformsRequest.php(21): Illuminate\\Pipeline\\Pipeline->Illuminate\\Pipeline\\{closure}(Object(Illuminate\\Http\\Request))
#28 E:\\TestGithub\\Import\\Laravel_Pottier_Thibault\\vendor\\laravel\\framework\\src\\Illuminate\\Foundation\\Http\\Middleware\\ConvertEmptyStringsToNull.php(31): Illuminate\\Foundation\\Http\\Middleware\\TransformsRequest->handle(Object(Illuminate\\Http\\Request), Object(Closure))
#29 E:\\TestGithub\\Import\\Laravel_Pottier_Thibault\\vendor\\laravel\\framework\\src\\Illuminate\\Pipeline\\Pipeline.php(180): Illuminate\\Foundation\\Http\\Middleware\\ConvertEmptyStringsToNull->handle(Object(Illuminate\\Http\\Request), Object(Closure))
#30 E:\\TestGithub\\Import\\Laravel_Pottier_Thibault\\vendor\\laravel\\framework\\src\\Illuminate\\Foundation\\Http\\Middleware\\TransformsRequest.php(21): Illuminate\\Pipeline\\Pipeline->Illuminate\\Pipeline\\{closure}(Object(Illuminate\\Http\\Request))
#31 E:\\TestGithub\\Import\\Laravel_Pottier_Thibault\\vendor\\laravel\\framework\\src\\Illuminate\\Foundation\\Http\\Middleware\\TrimStrings.php(40): Illuminate\\Foundation\\Http\\Middleware\\TransformsRequest->handle(Object(Illuminate\\Http\\Request), Object(Closure))
#32 E:\\TestGithub\\Import\\Laravel_Pottier_Thibault\\vendor\\laravel\\framework\\src\\Illuminate\\Pipeline\\Pipeline.php(180): Illuminate\\Foundation\\Http\\Middleware\\TrimStrings->handle(Object(Illuminate\\Http\\Request), Object(Closure))
#33 E:\\TestGithub\\Import\\Laravel_Pottier_Thibault\\vendor\\laravel\\framework\\src\\Illuminate\\Foundation\\Http\\Middleware\\ValidatePostSize.php(27): Illuminate\\Pipeline\\Pipeline->Illuminate\\Pipeline\\{closure}(Object(Illuminate\\Http\\Request))
#34 E:\\TestGithub\\Import\\Laravel_Pottier_Thibault\\vendor\\laravel\\framework\\src\\Illuminate\\Pipeline\\Pipeline.php(180): Illuminate\\Foundation\\Http\\Middleware\\ValidatePostSize->handle(Object(Illuminate\\Http\\Request), Object(Closure))
#35 E:\\TestGithub\\Import\\Laravel_Pottier_Thibault\\vendor\\laravel\\framework\\src\\Illuminate\\Foundation\\Http\\Middleware\\PreventRequestsDuringMaintenance.php(86): Illuminate\\Pipeline\\Pipeline->Illuminate\\Pipeline\\{closure}(Object(Illuminate\\Http\\Request))
#36 E:\\TestGithub\\Import\\Laravel_Pottier_Thibault\\vendor\\laravel\\framework\\src\\Illuminate\\Pipeline\\Pipeline.php(180): Illuminate\\Foundation\\Http\\Middleware\\PreventRequestsDuringMaintenance->handle(Object(Illuminate\\Http\\Request), Object(Closure))
#37 E:\\TestGithub\\Import\\Laravel_Pottier_Thibault\\vendor\\laravel\\framework\\src\\Illuminate\\Http\\Middleware\\HandleCors.php(49): Illuminate\\Pipeline\\Pipeline->Illuminate\\Pipeline\\{closure}(Object(Illuminate\\Http\\Request))
#38 E:\\TestGithub\\Import\\Laravel_Pottier_Thibault\\vendor\\laravel\\framework\\src\\Illuminate\\Pipeline\\Pipeline.php(180): Illuminate\\Http\\Middleware\\HandleCors->handle(Object(Illuminate\\Http\\Request), Object(Closure))
#39 E:\\TestGithub\\Import\\Laravel_Pottier_Thibault\\vendor\\laravel\\framework\\src\\Illuminate\\Http\\Middleware\\TrustProxies.php(39): Illuminate\\Pipeline\\Pipeline->Illuminate\\Pipeline\\{closure}(Object(Illuminate\\Http\\Request))
#40 E:\\TestGithub\\Import\\Laravel_Pottier_Thibault\\vendor\\laravel\\framework\\src\\Illuminate\\Pipeline\\Pipeline.php(180): Illuminate\\Http\\Middleware\\TrustProxies->handle(Object(Illuminate\\Http\\Request), Object(Closure))
#41 E:\\TestGithub\\Import\\Laravel_Pottier_Thibault\\vendor\\laravel\\framework\\src\\Illuminate\\Pipeline\\Pipeline.php(116): Illuminate\\Pipeline\\Pipeline->Illuminate\\Pipeline\\{closure}(Object(Illuminate\\Http\\Request))
#42 E:\\TestGithub\\Import\\Laravel_Pottier_Thibault\\vendor\\laravel\\framework\\src\\Illuminate\\Foundation\\Http\\Kernel.php(142): Illuminate\\Pipeline\\Pipeline->then(Object(Closure))
#43 E:\\TestGithub\\Import\\Laravel_Pottier_Thibault\\vendor\\laravel\\framework\\src\\Illuminate\\Foundation\\Http\\Kernel.php(111): Illuminate\\Foundation\\Http\\Kernel->sendRequestThroughRouter(Object(Illuminate\\Http\\Request))
#44 E:\\TestGithub\\Import\\Laravel_Pottier_Thibault\\public\\index.php(52): Illuminate\\Foundation\\Http\\Kernel->handle(Object(Illuminate\\Http\\Request))
#45 E:\\TestGithub\\Import\\Laravel_Pottier_Thibault\\vendor\\laravel\\framework\\src\\Illuminate\\Foundation\esources\\server.php(16): require_once('E:\\\\TestGithub\\\\I...')
#46 {main}
"} 
[2022-06-30 20:54:21] local.ERROR: unserialize(): Error at offset 424 of 493 bytes {"exception":"[object] (ErrorException(code: 0): unserialize(): Error at offset 424 of 493 bytes at E:\\TestGithub\\Import\\Laravel_Pottier_Thibault\\vendor\\laravel\\framework\\src\\Illuminate\\Routing\\RouteSignatureParameters.php:22)
[stacktrace]
#0 E:\\TestGithub\\Import\\Laravel_Pottier_Thibault\\vendor\\laravel\\framework\\src\\Illuminate\\Foundation\\Bootstrap\\HandleExceptions.php(257): Illuminate\\Foundation\\Bootstrap\\HandleExceptions->handleError(8, 'unserialize(): ...', 'E:\\\\TestGithub\\\\I...', 22)
#1 [internal function]: Illuminate\\Foundation\\Bootstrap\\HandleExceptions->Illuminate\\Foundation\\Bootstrap\\{closure}(8, 'unserialize(): ...', 'E:\\\\TestGithub\\\\I...', 22)
#2 E:\\TestGithub\\Import\\Laravel_Pottier_Thibault\\vendor\\laravel\\framework\\src\\Illuminate\\Routing\\RouteSignatureParameters.php(22): unserialize('O:47:\"Laravel\\\\S...')
#3 E:\\TestGithub\\Import\\Laravel_Pottier_Thibault\\vendor\\laravel\\framework\\src\\Illuminate\\Routing\\Route.php(527): Illuminate\\Routing\\RouteSignatureParameters::fromAction(Array, Array)
#4 E:\\TestGithub\\Import\\Laravel_Pottier_Thibault\\vendor\\laravel\\framework\\src\\Illuminate\\Routing\\ImplicitRouteBinding.php(78): Illuminate\\Routing\\Route->signatureParameters(Array)
#5 E:\\TestGithub\\Import\\Laravel_Pottier_Thibault\\vendor\\laravel\\framework\\src\\Illuminate\\Routing\\ImplicitRouteBinding.php(28): Illuminate\\Routing\\ImplicitRouteBinding::resolveBackedEnumsForRoute(Object(Illuminate\\Routing\\Route), Array)
#6 E:\\TestGithub\\Import\\Laravel_Pottier_Thibault\\vendor\\laravel\\framework\\src\\Illuminate\\Routing\\Router.php(874): Illuminate\\Routing\\ImplicitRouteBinding::resolveForRoute(Object(Illuminate\\Foundation\\Application), Object(Illuminate\\Routing\\Route))
#7 E:\\TestGithub\\Import\\Laravel_Pottier_Thibault\\vendor\\laravel\\framework\\src\\Illuminate\\Routing\\Middleware\\SubstituteBindings.php(41): Illuminate\\Routing\\Router->substituteImplicitBindings(Object(Illuminate\\Routing\\Route))
#8 E:\\TestGithub\\Import\\Laravel_Pottier_Thibault\\vendor\\laravel\\framework\\src\\Illuminate\\Pipeline\\Pipeline.php(180): Illuminate\\Routing\\Middleware\\SubstituteBindings->handle(Object(Illuminate\\Http\\Request), Object(Closure))
#9 E:\\TestGithub\\Import\\Laravel_Pottier_Thibault\\vendor\\laravel\\framework\\src\\Illuminate\\Foundation\\Http\\Middleware\\VerifyCsrfToken.php(78): Illuminate\\Pipeline\\Pipeline->Illuminate\\Pipeline\\{closure}(Object(Illuminate\\Http\\Request))
#10 E:\\TestGithub\\Import\\Laravel_Pottier_Thibault\\vendor\\laravel\\framework\\src\\Illuminate\\Pipeline\\Pipeline.php(180): Illuminate\\Foundation\\Http\\Middleware\\VerifyCsrfToken->handle(Object(Illuminate\\Http\\Request), Object(Closure))
#11 E:\\TestGithub\\Import\\Laravel_Pottier_Thibault\\vendor\\laravel\\framework\\src\\Illuminate\\View\\Middleware\\ShareErrorsFromSession.php(49): Illuminate\\Pipeline\\Pipeline->Illuminate\\Pipeline\\{closure}(Object(Illuminate\\Http\\Request))
#12 E:\\TestGithub\\Import\\Laravel_Pottier_Thibault\\vendor\\laravel\\framework\\src\\Illuminate\\Pipeline\\Pipeline.php(180): Illuminate\\View\\Middleware\\ShareErrorsFromSession->handle(Object(Illuminate\\Http\\Request), Object(Closure))
#13 E:\\TestGithub\\Import\\Laravel_Pottier_Thibault\\vendor\\laravel\\framework\\src\\Illuminate\\Session\\Middleware\\StartSession.php(121): Illuminate\\Pipeline\\Pipeline->Illuminate\\Pipeline\\{closure}(Object(Illuminate\\Http\\Request))
#14 E:\\TestGithub\\Import\\Laravel_Pottier_Thibault\\vendor\\laravel\\framework\\src\\Illuminate\\Session\\Middleware\\StartSession.php(64): Illuminate\\Session\\Middleware\\StartSession->handleStatefulRequest(Object(Illuminate\\Http\\Request), Object(Illuminate\\Session\\Store), Object(Closure))
#15 E:\\TestGithub\\Import\\Laravel_Pottier_Thibault\\vendor\\laravel\\framework\\src\\Illuminate\\Pipeline\\Pipeline.php(180): Illuminate\\Session\\Middleware\\StartSession->handle(Object(Illuminate\\Http\\Request), Object(Closure))
#16 E:\\TestGithub\\Import\\Laravel_Pottier_Thibault\\vendor\\laravel\\framework\\src\\Illuminate\\Cookie\\Middleware\\AddQueuedCookiesToResponse.php(37): Illuminate\\Pipeline\\Pipeline->Illuminate\\Pipeline\\{closure}(Object(Illuminate\\Http\\Request))
#17 E:\\TestGithub\\Import\\Laravel_Pottier_Thibault\\vendor\\laravel\\framework\\src\\Illuminate\\Pipeline\\Pipeline.php(180): Illuminate\\Cookie\\Middleware\\AddQueuedCookiesToResponse->handle(Object(Illuminate\\Http\\Request), Object(Closure))
#18 E:\\TestGithub\\Import\\Laravel_Pottier_Thibault\\vendor\\laravel\\framework\\src\\Illuminate\\Cookie\\Middleware\\EncryptCookies.php(67): Illuminate\\Pipeline\\Pipeline->Illuminate\\Pipeline\\{closure}(Object(Illuminate\\Http\\Request))
#19 E:\\TestGithub\\Import\\Laravel_Pottier_Thibault\\vendor\\laravel\\framework\\src\\Illuminate\\Pipeline\\Pipeline.php(180): Illuminate\\Cookie\\Middleware\\EncryptCookies->handle(Object(Illuminate\\Http\\Request), Object(Closure))
#20 E:\\TestGithub\\Import\\Laravel_Pottier_Thibault\\vendor\\laravel\\framework\\src\\Illuminate\\Pipeline\\Pipeline.php(116): Illuminate\\Pipeline\\Pipeline->Illuminate\\Pipeline\\{closure}(Object(Illuminate\\Http\\Request))
#21 E:\\TestGithub\\Import\\Laravel_Pottier_Thibault\\vendor\\laravel\\framework\\src\\Illuminate\\Routing\\Router.php(726): Illuminate\\Pipeline\\Pipeline->then(Object(Closure))
#22 E:\\TestGithub\\Import\\Laravel_Pottier_Thibault\\vendor\\laravel\\framework\\src\\Illuminate\\Routing\\Router.php(703): Illuminate\\Routing\\Router->runRouteWithinStack(Object(Illuminate\\Routing\\Route), Object(Illuminate\\Http\\Request))
#23 E:\\TestGithub\\Import\\Laravel_Pottier_Thibault\\vendor\\laravel\\framework\\src\\Illuminate\\Routing\\Router.php(667): Illuminate\\Routing\\Router->runRoute(Object(Illuminate\\Http\\Request), Object(Illuminate\\Routing\\Route))
#24 E:\\TestGithub\\Import\\Laravel_Pottier_Thibault\\vendor\\laravel\\framework\\src\\Illuminate\\Routing\\Router.php(656): Illuminate\\Routing\\Router->dispatchToRoute(Object(Illuminate\\Http\\Request))
#25 E:\\TestGithub\\Import\\Laravel_Pottier_Thibault\\vendor\\laravel\\framework\\src\\Illuminate\\Foundation\\Http\\Kernel.php(167): Illuminate\\Routing\\Router->dispatch(Object(Illuminate\\Http\\Request))
#26 E:\\TestGithub\\Import\\Laravel_Pottier_Thibault\\vendor\\laravel\\framework\\src\\Illuminate\\Pipeline\\Pipeline.php(141): Illuminate\\Foundation\\Http\\Kernel->Illuminate\\Foundation\\Http\\{closure}(Object(Illuminate\\Http\\Request))
#27 E:\\TestGithub\\Import\\Laravel_Pottier_Thibault\\vendor\\laravel\\framework\\src\\Illuminate\\Foundation\\Http\\Middleware\\TransformsRequest.php(21): Illuminate\\Pipeline\\Pipeline->Illuminate\\Pipeline\\{closure}(Object(Illuminate\\Http\\Request))
#28 E:\\TestGithub\\Import\\Laravel_Pottier_Thibault\\vendor\\laravel\\framework\\src\\Illuminate\\Foundation\\Http\\Middleware\\ConvertEmptyStringsToNull.php(31): Illuminate\\Foundation\\Http\\Middleware\\TransformsRequest->handle(Object(Illuminate\\Http\\Request), Object(Closure))
#29 E:\\TestGithub\\Import\\Laravel_Pottier_Thibault\\vendor\\laravel\\framework\\src\\Illuminate\\Pipeline\\Pipeline.php(180): Illuminate\\Foundation\\Http\\Middleware\\ConvertEmptyStringsToNull->handle(Object(Illuminate\\Http\\Request), Object(Closure))
#30 E:\\TestGithub\\Import\\Laravel_Pottier_Thibault\\vendor\\laravel\\framework\\src\\Illuminate\\Foundation\\Http\\Middleware\\TransformsRequest.php(21): Illuminate\\Pipeline\\Pipeline->Illuminate\\Pipeline\\{closure}(Object(Illuminate\\Http\\Request))
#31 E:\\TestGithub\\Import\\Laravel_Pottier_Thibault\\vendor\\laravel\\framework\\src\\Illuminate\\Foundation\\Http\\Middleware\\TrimStrings.php(40): Illuminate\\Foundation\\Http\\Middleware\\TransformsRequest->handle(Object(Illuminate\\Http\\Request), Object(Closure))
#32 E:\\TestGithub\\Import\\Laravel_Pottier_Thibault\\vendor\\laravel\\framework\\src\\Illuminate\\Pipeline\\Pipeline.php(180): Illuminate\\Foundation\\Http\\Middleware\\TrimStrings->handle(Object(Illuminate\\Http\\Request), Object(Closure))
#33 E:\\TestGithub\\Import\\Laravel_Pottier_Thibault\\vendor\\laravel\\framework\\src\\Illuminate\\Foundation\\Http\\Middleware\\ValidatePostSize.php(27): Illuminate\\Pipeline\\Pipeline->Illuminate\\Pipeline\\{closure}(Object(Illuminate\\Http\\Request))
#34 E:\\TestGithub\\Import\\Laravel_Pottier_Thibault\\vendor\\laravel\\framework\\src\\Illuminate\\Pipeline\\Pipeline.php(180): Illuminate\\Foundation\\Http\\Middleware\\ValidatePostSize->handle(Object(Illuminate\\Http\\Request), Object(Closure))
#35 E:\\TestGithub\\Import\\Laravel_Pottier_Thibault\\vendor\\laravel\\framework\\src\\Illuminate\\Foundation\\Http\\Middleware\\PreventRequestsDuringMaintenance.php(86): Illuminate\\Pipeline\\Pipeline->Illuminate\\Pipeline\\{closure}(Object(Illuminate\\Http\\Request))
#36 E:\\TestGithub\\Import\\Laravel_Pottier_Thibault\\vendor\\laravel\\framework\\src\\Illuminate\\Pipeline\\Pipeline.php(180): Illuminate\\Foundation\\Http\\Middleware\\PreventRequestsDuringMaintenance->handle(Object(Illuminate\\Http\\Request), Object(Closure))
#37 E:\\TestGithub\\Import\\Laravel_Pottier_Thibault\\vendor\\laravel\\framework\\src\\Illuminate\\Http\\Middleware\\HandleCors.php(49): Illuminate\\Pipeline\\Pipeline->Illuminate\\Pipeline\\{closure}(Object(Illuminate\\Http\\Request))
#38 E:\\TestGithub\\Import\\Laravel_Pottier_Thibault\\vendor\\laravel\\framework\\src\\Illuminate\\Pipeline\\Pipeline.php(180): Illuminate\\Http\\Middleware\\HandleCors->handle(Object(Illuminate\\Http\\Request), Object(Closure))
#39 E:\\TestGithub\\Import\\Laravel_Pottier_Thibault\\vendor\\laravel\\framework\\src\\Illuminate\\Http\\Middleware\\TrustProxies.php(39): Illuminate\\Pipeline\\Pipeline->Illuminate\\Pipeline\\{closure}(Object(Illuminate\\Http\\Request))
#40 E:\\TestGithub\\Import\\Laravel_Pottier_Thibault\\vendor\\laravel\\framework\\src\\Illuminate\\Pipeline\\Pipeline.php(180): Illuminate\\Http\\Middleware\\TrustProxies->handle(Object(Illuminate\\Http\\Request), Object(Closure))
#41 E:\\TestGithub\\Import\\Laravel_Pottier_Thibault\\vendor\\laravel\\framework\\src\\Illuminate\\Pipeline\\Pipeline.php(116): Illuminate\\Pipeline\\Pipeline->Illuminate\\Pipeline\\{closure}(Object(Illuminate\\Http\\Request))
#42 E:\\TestGithub\\Import\\Laravel_Pottier_Thibault\\vendor\\laravel\\framework\\src\\Illuminate\\Foundation\\Http\\Kernel.php(142): Illuminate\\Pipeline\\Pipeline->then(Object(Closure))
#43 E:\\TestGithub\\Import\\Laravel_Pottier_Thibault\\vendor\\laravel\\framework\\src\\Illuminate\\Foundation\\Http\\Kernel.php(111): Illuminate\\Foundation\\Http\\Kernel->sendRequestThroughRouter(Object(Illuminate\\Http\\Request))
#44 E:\\TestGithub\\Import\\Laravel_Pottier_Thibault\\public\\index.php(52): Illuminate\\Foundation\\Http\\Kernel->handle(Object(Illuminate\\Http\\Request))
#45 E:\\TestGithub\\Import\\Laravel_Pottier_Thibault\\vendor\\laravel\\framework\\src\\Illuminate\\Foundation\esources\\server.php(16): require_once('E:\\\\TestGithub\\\\I...')
#46 {main}
"} 
[2022-06-30 21:03:50] local.ERROR: unserialize(): Error at offset 424 of 493 bytes {"exception":"[object] (ErrorException(code: 0): unserialize(): Error at offset 424 of 493 bytes at E:\\TestGithub\\Laravel_Pottier_Thibault\\vendor\\laravel\\framework\\src\\Illuminate\\Routing\\RouteSignatureParameters.php:22)
[stacktrace]
#0 E:\\TestGithub\\Laravel_Pottier_Thibault\\vendor\\laravel\\framework\\src\\Illuminate\\Foundation\\Bootstrap\\HandleExceptions.php(257): Illuminate\\Foundation\\Bootstrap\\HandleExceptions->handleError(8, 'unserialize(): ...', 'E:\\\\TestGithub\\\\L...', 22)
#1 [internal function]: Illuminate\\Foundation\\Bootstrap\\HandleExceptions->Illuminate\\Foundation\\Bootstrap\\{closure}(8, 'unserialize(): ...', 'E:\\\\TestGithub\\\\L...', 22)
#2 E:\\TestGithub\\Laravel_Pottier_Thibault\\vendor\\laravel\\framework\\src\\Illuminate\\Routing\\RouteSignatureParameters.php(22): unserialize('O:47:\"Laravel\\\\S...')
#3 E:\\TestGithub\\Laravel_Pottier_Thibault\\vendor\\laravel\\framework\\src\\Illuminate\\Routing\\Route.php(527): Illuminate\\Routing\\RouteSignatureParameters::fromAction(Array, Array)
#4 E:\\TestGithub\\Laravel_Pottier_Thibault\\vendor\\laravel\\framework\\src\\Illuminate\\Routing\\ImplicitRouteBinding.php(78): Illuminate\\Routing\\Route->signatureParameters(Array)
#5 E:\\TestGithub\\Laravel_Pottier_Thibault\\vendor\\laravel\\framework\\src\\Illuminate\\Routing\\ImplicitRouteBinding.php(28): Illuminate\\Routing\\ImplicitRouteBinding::resolveBackedEnumsForRoute(Object(Illuminate\\Routing\\Route), Array)
#6 E:\\TestGithub\\Laravel_Pottier_Thibault\\vendor\\laravel\\framework\\src\\Illuminate\\Routing\\Router.php(874): Illuminate\\Routing\\ImplicitRouteBinding::resolveForRoute(Object(Illuminate\\Foundation\\Application), Object(Illuminate\\Routing\\Route))
#7 E:\\TestGithub\\Laravel_Pottier_Thibault\\vendor\\laravel\\framework\\src\\Illuminate\\Routing\\Middleware\\SubstituteBindings.php(41): Illuminate\\Routing\\Router->substituteImplicitBindings(Object(Illuminate\\Routing\\Route))
#8 E:\\TestGithub\\Laravel_Pottier_Thibault\\vendor\\laravel\\framework\\src\\Illuminate\\Pipeline\\Pipeline.php(180): Illuminate\\Routing\\Middleware\\SubstituteBindings->handle(Object(Illuminate\\Http\\Request), Object(Closure))
#9 E:\\TestGithub\\Laravel_Pottier_Thibault\\vendor\\laravel\\framework\\src\\Illuminate\\Foundation\\Http\\Middleware\\VerifyCsrfToken.php(78): Illuminate\\Pipeline\\Pipeline->Illuminate\\Pipeline\\{closure}(Object(Illuminate\\Http\\Request))
#10 E:\\TestGithub\\Laravel_Pottier_Thibault\\vendor\\laravel\\framework\\src\\Illuminate\\Pipeline\\Pipeline.php(180): Illuminate\\Foundation\\Http\\Middleware\\VerifyCsrfToken->handle(Object(Illuminate\\Http\\Request), Object(Closure))
#11 E:\\TestGithub\\Laravel_Pottier_Thibault\\vendor\\laravel\\framework\\src\\Illuminate\\View\\Middleware\\ShareErrorsFromSession.php(49): Illuminate\\Pipeline\\Pipeline->Illuminate\\Pipeline\\{closure}(Object(Illuminate\\Http\\Request))
#12 E:\\TestGithub\\Laravel_Pottier_Thibault\\vendor\\laravel\\framework\\src\\Illuminate\\Pipeline\\Pipeline.php(180): Illuminate\\View\\Middleware\\ShareErrorsFromSession->handle(Object(Illuminate\\Http\\Request), Object(Closure))
#13 E:\\TestGithub\\Laravel_Pottier_Thibault\\vendor\\laravel\\framework\\src\\Illuminate\\Session\\Middleware\\StartSession.php(121): Illuminate\\Pipeline\\Pipeline->Illuminate\\Pipeline\\{closure}(Object(Illuminate\\Http\\Request))
#14 E:\\TestGithub\\Laravel_Pottier_Thibault\\vendor\\laravel\\framework\\src\\Illuminate\\Session\\Middleware\\StartSession.php(64): Illuminate\\Session\\Middleware\\StartSession->handleStatefulRequest(Object(Illuminate\\Http\\Request), Object(Illuminate\\Session\\Store), Object(Closure))
#15 E:\\TestGithub\\Laravel_Pottier_Thibault\\vendor\\laravel\\framework\\src\\Illuminate\\Pipeline\\Pipeline.php(180): Illuminate\\Session\\Middleware\\StartSession->handle(Object(Illuminate\\Http\\Request), Object(Closure))
#16 E:\\TestGithub\\Laravel_Pottier_Thibault\\vendor\\laravel\\framework\\src\\Illuminate\\Cookie\\Middleware\\AddQueuedCookiesToResponse.php(37): Illuminate\\Pipeline\\Pipeline->Illuminate\\Pipeline\\{closure}(Object(Illuminate\\Http\\Request))
#17 E:\\TestGithub\\Laravel_Pottier_Thibault\\vendor\\laravel\\framework\\src\\Illuminate\\Pipeline\\Pipeline.php(180): Illuminate\\Cookie\\Middleware\\AddQueuedCookiesToResponse->handle(Object(Illuminate\\Http\\Request), Object(Closure))
#18 E:\\TestGithub\\Laravel_Pottier_Thibault\\vendor\\laravel\\framework\\src\\Illuminate\\Cookie\\Middleware\\EncryptCookies.php(67): Illuminate\\Pipeline\\Pipeline->Illuminate\\Pipeline\\{closure}(Object(Illuminate\\Http\\Request))
#19 E:\\TestGithub\\Laravel_Pottier_Thibault\\vendor\\laravel\\framework\\src\\Illuminate\\Pipeline\\Pipeline.php(180): Illuminate\\Cookie\\Middleware\\EncryptCookies->handle(Object(Illuminate\\Http\\Request), Object(Closure))
#20 E:\\TestGithub\\Laravel_Pottier_Thibault\\vendor\\laravel\\framework\\src\\Illuminate\\Pipeline\\Pipeline.php(116): Illuminate\\Pipeline\\Pipeline->Illuminate\\Pipeline\\{closure}(Object(Illuminate\\Http\\Request))
#21 E:\\TestGithub\\Laravel_Pottier_Thibault\\vendor\\laravel\\framework\\src\\Illuminate\\Routing\\Router.php(726): Illuminate\\Pipeline\\Pipeline->then(Object(Closure))
#22 E:\\TestGithub\\Laravel_Pottier_Thibault\\vendor\\laravel\\framework\\src\\Illuminate\\Routing\\Router.php(703): Illuminate\\Routing\\Router->runRouteWithinStack(Object(Illuminate\\Routing\\Route), Object(Illuminate\\Http\\Request))
#23 E:\\TestGithub\\Laravel_Pottier_Thibault\\vendor\\laravel\\framework\\src\\Illuminate\\Routing\\Router.php(667): Illuminate\\Routing\\Router->runRoute(Object(Illuminate\\Http\\Request), Object(Illuminate\\Routing\\Route))
#24 E:\\TestGithub\\Laravel_Pottier_Thibault\\vendor\\laravel\\framework\\src\\Illuminate\\Routing\\Router.php(656): Illuminate\\Routing\\Router->dispatchToRoute(Object(Illuminate\\Http\\Request))
#25 E:\\TestGithub\\Laravel_Pottier_Thibault\\vendor\\laravel\\framework\\src\\Illuminate\\Foundation\\Http\\Kernel.php(167): Illuminate\\Routing\\Router->dispatch(Object(Illuminate\\Http\\Request))
#26 E:\\TestGithub\\Laravel_Pottier_Thibault\\vendor\\laravel\\framework\\src\\Illuminate\\Pipeline\\Pipeline.php(141): Illuminate\\Foundation\\Http\\Kernel->Illuminate\\Foundation\\Http\\{closure}(Object(Illuminate\\Http\\Request))
#27 E:\\TestGithub\\Laravel_Pottier_Thibault\\vendor\\laravel\\framework\\src\\Illuminate\\Foundation\\Http\\Middleware\\TransformsRequest.php(21): Illuminate\\Pipeline\\Pipeline->Illuminate\\Pipeline\\{closure}(Object(Illuminate\\Http\\Request))
#28 E:\\TestGithub\\Laravel_Pottier_Thibault\\vendor\\laravel\\framework\\src\\Illuminate\\Foundation\\Http\\Middleware\\ConvertEmptyStringsToNull.php(31): Illuminate\\Foundation\\Http\\Middleware\\TransformsRequest->handle(Object(Illuminate\\Http\\Request), Object(Closure))
#29 E:\\TestGithub\\Laravel_Pottier_Thibault\\vendor\\laravel\\framework\\src\\Illuminate\\Pipeline\\Pipeline.php(180): Illuminate\\Foundation\\Http\\Middleware\\ConvertEmptyStringsToNull->handle(Object(Illuminate\\Http\\Request), Object(Closure))
#30 E:\\TestGithub\\Laravel_Pottier_Thibault\\vendor\\laravel\\framework\\src\\Illuminate\\Foundation\\Http\\Middleware\\TransformsRequest.php(21): Illuminate\\Pipeline\\Pipeline->Illuminate\\Pipeline\\{closure}(Object(Illuminate\\Http\\Request))
#31 E:\\TestGithub\\Laravel_Pottier_Thibault\\vendor\\laravel\\framework\\src\\Illuminate\\Foundation\\Http\\Middleware\\TrimStrings.php(40): Illuminate\\Foundation\\Http\\Middleware\\TransformsRequest->handle(Object(Illuminate\\Http\\Request), Object(Closure))
#32 E:\\TestGithub\\Laravel_Pottier_Thibault\\vendor\\laravel\\framework\\src\\Illuminate\\Pipeline\\Pipeline.php(180): Illuminate\\Foundation\\Http\\Middleware\\TrimStrings->handle(Object(Illuminate\\Http\\Request), Object(Closure))
#33 E:\\TestGithub\\Laravel_Pottier_Thibault\\vendor\\laravel\\framework\\src\\Illuminate\\Foundation\\Http\\Middleware\\ValidatePostSize.php(27): Illuminate\\Pipeline\\Pipeline->Illuminate\\Pipeline\\{closure}(Object(Illuminate\\Http\\Request))
#34 E:\\TestGithub\\Laravel_Pottier_Thibault\\vendor\\laravel\\framework\\src\\Illuminate\\Pipeline\\Pipeline.php(180): Illuminate\\Foundation\\Http\\Middleware\\ValidatePostSize->handle(Object(Illuminate\\Http\\Request), Object(Closure))
#35 E:\\TestGithub\\Laravel_Pottier_Thibault\\vendor\\laravel\\framework\\src\\Illuminate\\Foundation\\Http\\Middleware\\PreventRequestsDuringMaintenance.php(86): Illuminate\\Pipeline\\Pipeline->Illuminate\\Pipeline\\{closure}(Object(Illuminate\\Http\\Request))
#36 E:\\TestGithub\\Laravel_Pottier_Thibault\\vendor\\laravel\\framework\\src\\Illuminate\\Pipeline\\Pipeline.php(180): Illuminate\\Foundation\\Http\\Middleware\\PreventRequestsDuringMaintenance->handle(Object(Illuminate\\Http\\Request), Object(Closure))
#37 E:\\TestGithub\\Laravel_Pottier_Thibault\\vendor\\laravel\\framework\\src\\Illuminate\\Http\\Middleware\\HandleCors.php(49): Illuminate\\Pipeline\\Pipeline->Illuminate\\Pipeline\\{closure}(Object(Illuminate\\Http\\Request))
#38 E:\\TestGithub\\Laravel_Pottier_Thibault\\vendor\\laravel\\framework\\src\\Illuminate\\Pipeline\\Pipeline.php(180): Illuminate\\Http\\Middleware\\HandleCors->handle(Object(Illuminate\\Http\\Request), Object(Closure))
#39 E:\\TestGithub\\Laravel_Pottier_Thibault\\vendor\\laravel\\framework\\src\\Illuminate\\Http\\Middleware\\TrustProxies.php(39): Illuminate\\Pipeline\\Pipeline->Illuminate\\Pipeline\\{closure}(Object(Illuminate\\Http\\Request))
#40 E:\\TestGithub\\Laravel_Pottier_Thibault\\vendor\\laravel\\framework\\src\\Illuminate\\Pipeline\\Pipeline.php(180): Illuminate\\Http\\Middleware\\TrustProxies->handle(Object(Illuminate\\Http\\Request), Object(Closure))
#41 E:\\TestGithub\\Laravel_Pottier_Thibault\\vendor\\laravel\\framework\\src\\Illuminate\\Pipeline\\Pipeline.php(116): Illuminate\\Pipeline\\Pipeline->Illuminate\\Pipeline\\{closure}(Object(Illuminate\\Http\\Request))
#42 E:\\TestGithub\\Laravel_Pottier_Thibault\\vendor\\laravel\\framework\\src\\Illuminate\\Foundation\\Http\\Kernel.php(142): Illuminate\\Pipeline\\Pipeline->then(Object(Closure))
#43 E:\\TestGithub\\Laravel_Pottier_Thibault\\vendor\\laravel\\framework\\src\\Illuminate\\Foundation\\Http\\Kernel.php(111): Illuminate\\Foundation\\Http\\Kernel->sendRequestThroughRouter(Object(Illuminate\\Http\\Request))
#44 E:\\TestGithub\\Laravel_Pottier_Thibault\\public\\index.php(52): Illuminate\\Foundation\\Http\\Kernel->handle(Object(Illuminate\\Http\\Request))
#45 E:\\TestGithub\\Laravel_Pottier_Thibault\\vendor\\laravel\\framework\\src\\Illuminate\\Foundation\esources\\server.php(16): require_once('E:\\\\TestGithub\\\\L...')
#46 {main}
"} 
